[23:15:58][PluginLoader][INFO] No plugins found.
[23:15:58][NATTCore][INFO] NATT CORE initialization done
Version: 1.7.0 
Configuration path: https://gitlab.com/ap5vs/test-config/restful-api-server-config/-/raw/main/test-config-6.yaml?ref_type=heads
Configuration loading mode: FROM URL
[23:15:58][NATTCore][INFO] Working directory path: C:\Semester5\SietoveAplikacie\restful-api-server-main
[23:15:58][NATTCore][INFO] Start loading of the configuration file ...
[23:15:59][NetworkIO][INFO] Yaml data has been loaded from network location (https://gitlab.com/ap5vs/test-config/restful-api-server-config/-/raw/main/test-config-6.yaml?ref_type=heads)
[23:15:59][NATTCore][INFO] Configuration loading done
[23:15:59][NATTCore][INFO] Start building test structure according to the configuration ...
[23:16:00][NATTCore][INFO] Test structure ...
[23:16:00][NATTCore][INFO] Test structure building done
[23:16:00][NATTCore][INFO] Start test executing ...
[23:16:00][TestReportGenerator][INFO] Extenet reports generated. Final report will be saved to file: test_report.html
[23:16:00][NATTCore][INFO] Starts execution on the root keyword  ...
[23:16:00][MessageBuffer][INFO] Message buffer created for module with name: default
[23:16:00][ExternalProgramRunner][INFO] (default) Run external app with command: java -jar build/libs/RESTAPIServer-0.0.1-SNAPSHOT.jar
[23:16:00][ProcessManager][INFO] New PID (22172) added to file
[23:16:00][WaitUntilKw][INFO] Waiting for action. Actions count: 1, Time out: 30000 ms
[23:16:02][MessageBuffer][INFO] Message added to buffer [ Mod: default | Tag:  ] Content: ''
[23:16:02][MessageBuffer][INFO] Message added to buffer [ Mod: default | Tag:  ] Content: '  .   ____          _            __ _ _'
[23:16:02][MessageBuffer][INFO] Message added to buffer [ Mod: default | Tag:  ] Content: ' /\\ / ___'_ __ _ _(_)_ __  __ _ \ \ \ \'
[23:16:02][MessageBuffer][INFO] Message added to buffer [ Mod: default | Tag:  ] Content: '( ( )\___ | '_ | '_| | '_ \/ _` | \ \ \ \'
[23:16:02][MessageBuffer][INFO] Message added to buffer [ Mod: default | Tag:  ] Content: ' \\/  ___)| |_)| | | | | || (_| |  ) ) ) )'
[23:16:02][MessageBuffer][INFO] Message added to buffer [ Mod: default | Tag:  ] Content: '  '  |____| .__|_| |_|_| |_\__, | / / / /'
[23:16:02][MessageBuffer][INFO] Message added to buffer [ Mod: default | Tag:  ] Content: ' =========|_|==============|___/=/_/_/_/'
[23:16:02][MessageBuffer][INFO] Message added to buffer [ Mod: default | Tag:  ] Content: ' :: Spring Boot ::                (v3.2.4)'
[23:16:02][MessageBuffer][INFO] Message added to buffer [ Mod: default | Tag:  ] Content: ''
[23:16:02][MessageBuffer][INFO] Message added to buffer [ Mod: default | Tag:  ] Content: '2024-11-26T23:16:02.607+01:00  INFO 22172 --- [RESTAPIServer] [           main] u.f.R.RestapiServerApplication           : Starting RestapiServerApplication v0.0.1-SNAPSHOT using Java 21.0.5 with PID 22172 (C:\Semester5\SietoveAplikacie\restful-api-server-main\build\libs\RESTAPIServer-0.0.1-SNAPSHOT.jar started by alexg in C:\Semester5\SietoveAplikacie\restful-api-server-main)'
[23:16:02][MessageBuffer][INFO] Message added to buffer [ Mod: default | Tag:  ] Content: '2024-11-26T23:16:02.613+01:00  INFO 22172 --- [RESTAPIServer] [           main] u.f.R.RestapiServerApplication           : No active profile set, falling back to 1 default profile: "default"'
[23:16:04][MessageBuffer][INFO] Message added to buffer [ Mod: default | Tag:  ] Content: '2024-11-26T23:16:04.138+01:00  INFO 22172 --- [RESTAPIServer] [           main] .s.d.r.c.RepositoryConfigurationDelegate : Multiple Spring Data modules found, entering strict repository configuration mode'
[23:16:04][MessageBuffer][INFO] Message added to buffer [ Mod: default | Tag:  ] Content: '2024-11-26T23:16:04.141+01:00  INFO 22172 --- [RESTAPIServer] [           main] .s.d.r.c.RepositoryConfigurationDelegate : Bootstrapping Spring Data JDBC repositories in DEFAULT mode.'
[23:16:04][MessageBuffer][INFO] Message added to buffer [ Mod: default | Tag:  ] Content: '2024-11-26T23:16:04.228+01:00  INFO 22172 --- [RESTAPIServer] [           main] .RepositoryConfigurationExtensionSupport : Spring Data JDBC - Could not safely identify store assignment for repository candidate interface utb.fai.RESTAPIServer.UserRepository; If you want this repository to be a JDBC repository, consider annotating your entities with one of these annotations: org.springframework.data.relational.core.mapping.Table.'
[23:16:04][MessageBuffer][INFO] Message added to buffer [ Mod: default | Tag:  ] Content: '2024-11-26T23:16:04.229+01:00  INFO 22172 --- [RESTAPIServer] [           main] .s.d.r.c.RepositoryConfigurationDelegate : Finished Spring Data repository scanning in 56 ms. Found 0 JDBC repository interfaces.'
[23:16:04][MessageBuffer][INFO] Message added to buffer [ Mod: default | Tag:  ] Content: '2024-11-26T23:16:04.251+01:00  INFO 22172 --- [RESTAPIServer] [           main] .s.d.r.c.RepositoryConfigurationDelegate : Multiple Spring Data modules found, entering strict repository configuration mode'
[23:16:04][MessageBuffer][INFO] Message added to buffer [ Mod: default | Tag:  ] Content: '2024-11-26T23:16:04.253+01:00  INFO 22172 --- [RESTAPIServer] [           main] .s.d.r.c.RepositoryConfigurationDelegate : Bootstrapping Spring Data JPA repositories in DEFAULT mode.'
[23:16:04][MessageBuffer][INFO] Message added to buffer [ Mod: default | Tag:  ] Content: '2024-11-26T23:16:04.299+01:00  INFO 22172 --- [RESTAPIServer] [           main] .s.d.r.c.RepositoryConfigurationDelegate : Finished Spring Data repository scanning in 37 ms. Found 1 JPA repository interface.'
[23:16:05][MessageBuffer][INFO] Message added to buffer [ Mod: default | Tag:  ] Content: '2024-11-26T23:16:05.345+01:00  INFO 22172 --- [RESTAPIServer] [           main] o.s.b.w.embedded.tomcat.TomcatWebServer  : Tomcat initialized with port 8080 (http)'
[23:16:05][MessageBuffer][INFO] Message added to buffer [ Mod: default | Tag:  ] Content: '2024-11-26T23:16:05.390+01:00  INFO 22172 --- [RESTAPIServer] [           main] o.apache.catalina.core.StandardService   : Starting service [Tomcat]'
[23:16:05][MessageBuffer][INFO] Message added to buffer [ Mod: default | Tag:  ] Content: '2024-11-26T23:16:05.391+01:00  INFO 22172 --- [RESTAPIServer] [           main] o.apache.catalina.core.StandardEngine    : Starting Servlet engine: [Apache Tomcat/10.1.19]'
[23:16:05][MessageBuffer][INFO] Message added to buffer [ Mod: default | Tag:  ] Content: '2024-11-26T23:16:05.493+01:00  INFO 22172 --- [RESTAPIServer] [           main] o.a.c.c.C.[Tomcat].[localhost].[/]       : Initializing Spring embedded WebApplicationContext'
[23:16:05][MessageBuffer][INFO] Message added to buffer [ Mod: default | Tag:  ] Content: '2024-11-26T23:16:05.497+01:00  INFO 22172 --- [RESTAPIServer] [           main] w.s.c.ServletWebServerApplicationContext : Root WebApplicationContext: initialization completed in 2739 ms'
[23:16:05][MessageBuffer][INFO] Message added to buffer [ Mod: default | Tag:  ] Content: '2024-11-26T23:16:05.967+01:00  INFO 22172 --- [RESTAPIServer] [           main] o.hibernate.jpa.internal.util.LogHelper  : HHH000204: Processing PersistenceUnitInfo [name: default]'
[23:16:06][MessageBuffer][INFO] Message added to buffer [ Mod: default | Tag:  ] Content: '2024-11-26T23:16:06.123+01:00  INFO 22172 --- [RESTAPIServer] [           main] org.hibernate.Version                    : HHH000412: Hibernate ORM core version 6.4.4.Final'
[23:16:06][MessageBuffer][INFO] Message added to buffer [ Mod: default | Tag:  ] Content: '2024-11-26T23:16:06.202+01:00  INFO 22172 --- [RESTAPIServer] [           main] o.h.c.internal.RegionFactoryInitiator    : HHH000026: Second-level cache disabled'
[23:16:06][MessageBuffer][INFO] Message added to buffer [ Mod: default | Tag:  ] Content: '2024-11-26T23:16:06.667+01:00  INFO 22172 --- [RESTAPIServer] [           main] o.s.o.j.p.SpringPersistenceUnitInfo      : No LoadTimeWeaver setup: ignoring JPA class transformer'
[23:16:06][MessageBuffer][INFO] Message added to buffer [ Mod: default | Tag:  ] Content: '2024-11-26T23:16:06.721+01:00  INFO 22172 --- [RESTAPIServer] [           main] com.zaxxer.hikari.HikariDataSource       : HikariPool-1 - Starting...'
[23:16:07][MessageBuffer][INFO] Message added to buffer [ Mod: default | Tag:  ] Content: '2024-11-26T23:16:07.837+01:00  INFO 22172 --- [RESTAPIServer] [           main] com.zaxxer.hikari.pool.HikariPool        : HikariPool-1 - Added connection com.mysql.cj.jdbc.ConnectionImpl@1736c1e4'
[23:16:07][MessageBuffer][INFO] Message added to buffer [ Mod: default | Tag:  ] Content: '2024-11-26T23:16:07.841+01:00  INFO 22172 --- [RESTAPIServer] [           main] com.zaxxer.hikari.HikariDataSource       : HikariPool-1 - Start completed.'
[23:16:07][MessageBuffer][INFO] Message added to buffer [ Mod: default | Tag:  ] Content: '2024-11-26T23:16:07.946+01:00  WARN 22172 --- [RESTAPIServer] [           main] org.hibernate.orm.deprecation            : HHH90000025: MySQL8Dialect does not need to be specified explicitly using 'hibernate.dialect' (remove the property setting and it will be selected by default)'
[23:16:07][MessageBuffer][INFO] Message added to buffer [ Mod: default | Tag:  ] Content: '2024-11-26T23:16:07.949+01:00  WARN 22172 --- [RESTAPIServer] [           main] org.hibernate.orm.deprecation            : HHH90000026: MySQL8Dialect has been deprecated; use org.hibernate.dialect.MySQLDialect instead'
[23:16:09][MessageBuffer][INFO] Message added to buffer [ Mod: default | Tag:  ] Content: '2024-11-26T23:16:09.081+01:00  INFO 22172 --- [RESTAPIServer] [           main] o.h.e.t.j.p.i.JtaPlatformInitiator       : HHH000489: No JTA platform available (set 'hibernate.transaction.jta.platform' to enable JTA platform integration)'
[23:16:09][MessageBuffer][INFO] Message added to buffer [ Mod: default | Tag:  ] Content: '2024-11-26T23:16:09.269+01:00  INFO 22172 --- [RESTAPIServer] [           main] j.LocalContainerEntityManagerFactoryBean : Initialized JPA EntityManagerFactory for persistence unit 'default''
[23:16:09][MessageBuffer][INFO] Message added to buffer [ Mod: default | Tag:  ] Content: '2024-11-26T23:16:09.813+01:00  WARN 22172 --- [RESTAPIServer] [           main] JpaBaseConfiguration$JpaWebConfiguration : spring.jpa.open-in-view is enabled by default. Therefore, database queries may be performed during view rendering. Explicitly configure spring.jpa.open-in-view to disable this warning'
[23:16:11][MessageBuffer][INFO] Message added to buffer [ Mod: default | Tag:  ] Content: '2024-11-26T23:16:11.298+01:00  INFO 22172 --- [RESTAPIServer] [           main] o.s.b.w.embedded.tomcat.TomcatWebServer  : Tomcat started on port 8080 (http) with context path '''
[23:16:11][MessageBuffer][INFO] Message added to buffer [ Mod: default | Tag:  ] Content: '2024-11-26T23:16:11.345+01:00  INFO 22172 --- [RESTAPIServer] [           main] u.f.R.RestapiServerApplication           : Started RestapiServerApplication in 9.641 seconds (process running for 10.733)'
[23:16:11][WaitUntilKw][INFO] Action triggered from module 'default'
[23:16:11][NATTContext][INFO] Data has been stored in to the variable 'default-action-msg'. Data value: 2024-11-26T23:16:11.345+01:00  INFO 22172 --- [RESTAPIServer] [           main] u.f.R.RestapiServerApplication           : Started RestapiServerApplication in 9.641 seconds (process running for 10.733)
[23:16:11][WaitUntilKw][INFO] Action was invoked. Elapsed time: 10755 ms
[23:16:11][MessageBuffer][INFO] Message buffer created for module with name: module-1
[23:16:11][RESTTester][INFO] (module-1) Sending a DELETE request on endpoint: http://localhost:8080/deleteAll
[23:16:11][MessageBuffer][INFO] Message added to buffer [ Mod: default | Tag:  ] Content: '2024-11-26T23:16:11.847+01:00  INFO 22172 --- [RESTAPIServer] [nio-8080-exec-2] o.a.c.c.C.[Tomcat].[localhost].[/]       : Initializing Spring DispatcherServlet 'dispatcherServlet''
[23:16:11][MessageBuffer][INFO] Message added to buffer [ Mod: default | Tag:  ] Content: '2024-11-26T23:16:11.848+01:00  INFO 22172 --- [RESTAPIServer] [nio-8080-exec-2] o.s.web.servlet.DispatcherServlet        : Initializing Servlet 'dispatcherServlet''
[23:16:11][MessageBuffer][INFO] Message added to buffer [ Mod: default | Tag:  ] Content: '2024-11-26T23:16:11.853+01:00  INFO 22172 --- [RESTAPIServer] [nio-8080-exec-2] o.s.web.servlet.DispatcherServlet        : Completed initialization in 4 ms'
[23:16:12][MessageBuffer][INFO] Message added to buffer [ Mod: module-1 | Tag: http://localhost:8080/deleteAll ] Content: ''
[23:16:12][MessageBuffer][INFO] Message buffer created for module with name: user-create
[23:16:12][MessageBuffer][INFO] Message buffer created for module with name: user-get
[23:16:12][TestSuiteKw][INFO] Test case 'Test vytvoření uživatele' starts executing now
[23:16:12][RESTTester][INFO] (user-create) Sending a POST request on endpoint: http://localhost:8080/createUser
[23:16:12][MessageBuffer][INFO] Message added to buffer [ Mod: default | Tag:  ] Content: '2024-11-26T23:16:12.662+01:00  WARN 22172 --- [RESTAPIServer] [nio-8080-exec-4] o.h.engine.jdbc.spi.SqlExceptionHelper   : SQL Error: 1062, SQLState: 23000'
[23:16:12][MessageBuffer][INFO] Message added to buffer [ Mod: default | Tag:  ] Content: '2024-11-26T23:16:12.662+01:00 ERROR 22172 --- [RESTAPIServer] [nio-8080-exec-4] o.h.engine.jdbc.spi.SqlExceptionHelper   : Duplicate entry 'test@email.com' for key 'users.UK_6dotkott2kjsp8vw4d0m25fb7''
[23:16:12][RESTTester][WARNING] (user-create) HTTP request returned an error status: 500
[23:16:12][MessageBuffer][INFO] Message added to buffer [ Mod: user-create | Tag: http://localhost:8080/createUser ] Content: 'ERROR: 500'
[23:16:12][NATTContext][INFO] Data has been stored in to the variable 'var-id'. Data value: 
[23:16:12][RESTTester][INFO] (user-get) Sending a GET request on endpoint: http://localhost:8080/getUser
[23:16:12][MessageBuffer][INFO] Message added to buffer [ Mod: default | Tag:  ] Content: '2024-11-26T23:16:12.991+01:00  WARN 22172 --- [RESTAPIServer] [nio-8080-exec-3] .w.s.m.s.DefaultHandlerExceptionResolver : Resolved [org.springframework.web.bind.MissingServletRequestParameterException: Required request parameter 'id' for method parameter type Long is not present]'
[23:16:13][RESTTester][WARNING] (user-get) HTTP request returned an error status: 400
[23:16:13][MessageBuffer][INFO] Message added to buffer [ Mod: user-get | Tag: http://localhost:8080/getUser ] Content: 'ERROR: 400'
[23:16:13][AssertJsonKw][WARNING] Error parsing JSON: Unexpected character (',' (code 44)): expected a valid value (JSON String, Number, Array, Object or token 'null', 'true' or 'false')
 at [Source: (String)"{"id": , "name": "User1", "email": "test@email.com", "phoneNumber": "+420666555444"}"; line: 1, column: 9]
[23:16:13][AssertJsonKw][WARNING] Assertion failed. True was expected as the result. Condition: (Expected JSON '{"id": , "name": "User1", "email": "test@email.com", "phoneNumber": "+420666555444"}' must be same as the JSON in the variable 'ERROR: 400')
[23:16:13][TestSuiteKw][ERROR] Test suite 'Testování vytváření uživatelů' - Test case 'Test vytvoření uživatele' failed
[23:16:13][MessageBuffer][INFO] Message buffer cleared
[23:16:13][TestSuiteKw][INFO] Test case 'Test vytvoření uživatele s neplatným emailem' starts executing now
[23:16:13][RESTTester][INFO] (user-create) Sending a POST request on endpoint: http://localhost:8080/createUser
[23:16:13][RESTTester][WARNING] (user-create) HTTP request returned an error status: 400
[23:16:13][MessageBuffer][INFO] Message added to buffer [ Mod: user-create | Tag: http://localhost:8080/createUser ] Content: 'ERROR: 400'
[23:16:13][TestSuiteKw][INFO] Test suite 'Testování vytváření uživatelů' - Test case 'Test vytvoření uživatele s neplatným emailem' passed
[23:16:13][MessageBuffer][INFO] Message buffer cleared
[23:16:14][TestSuiteKw][INFO] Test case 'Test vytvoření uživatele s neplatným telefonem' starts executing now
[23:16:14][RESTTester][INFO] (user-create) Sending a POST request on endpoint: http://localhost:8080/createUser
[23:16:14][RESTTester][WARNING] (user-create) HTTP request returned an error status: 400
[23:16:14][MessageBuffer][INFO] Message added to buffer [ Mod: user-create | Tag: http://localhost:8080/createUser ] Content: 'ERROR: 400'
[23:16:14][TestSuiteKw][INFO] Test suite 'Testování vytváření uživatelů' - Test case 'Test vytvoření uživatele s neplatným telefonem' passed
[23:16:14][MessageBuffer][INFO] Message buffer cleared
[23:16:15][MessageBuffer][INFO] Message buffer cleared
[23:16:15][RESTTester][INFO] (user-create) REST tester [user-create] terminated
[23:16:15][RESTTester][INFO] (user-get) REST tester [user-get] terminated
[23:16:15][MessageBuffer][INFO] Message buffer created for module with name: user-edit
[23:16:15][MessageBuffer][INFO] Message buffer created for module with name: user-all
[23:16:15][TestSuiteKw][INFO] Test case 'Test aktualizace uživatele' starts executing now
[23:16:15][RESTTester][INFO] (user-all) Sending a GET request on endpoint: http://localhost:8080/users
[23:16:15][MessageBuffer][INFO] Message added to buffer [ Mod: user-all | Tag: http://localhost:8080/users ] Content: '[{"id":1,"name":"User1","email":"test@email.com","phoneNumber":"+420666555444","userDataValid":true},{"id":2,"name":"TestUser1","email":"test1@email.com","phoneNumber":"+420777666555","userDataValid":true},{"id":3,"name":"TestUser2","email":"test2@email.com","phoneNumber":"+420777666555","userDataValid":true}]'
[23:16:15][NATTContext][INFO] Data has been stored in to the variable 'var-user'. Data value: {"id":1,"name":"User1","email":"test@email.com","phoneNumber":"+420666555444","userDataValid":true}
[23:16:15][NATTContext][INFO] Data has been stored in to the variable 'var-id'. Data value: 1
[23:16:15][RESTTester][INFO] (user-edit) Sending a PUT request on endpoint: http://localhost:8080/editUser?id=1
[23:16:15][RESTTester][WARNING] (user-edit) HTTP request returned an error status: 400
[23:16:15][MessageBuffer][INFO] Message added to buffer [ Mod: user-edit | Tag: http://localhost:8080/editUser ] Content: 'ERROR: 400'
[23:16:15][RESTTester][INFO] (user-get) Sending a GET request on endpoint: http://localhost:8080/getUser?id=1
[23:16:16][MessageBuffer][INFO] Message added to buffer [ Mod: user-get | Tag: http://localhost:8080/getUser ] Content: '{"id":1,"name":"User1","email":"test@email.com","phoneNumber":"+420666555444","userDataValid":true}'
[23:16:16][AssertJsonKw][WARNING] Assertion failed. True was expected as the result. Condition: (Expected JSON '{"id": 1, "name": "updated", "email": "updated@email.com", "phoneNumber": "+420777666444"}' must be same as the JSON in the variable '{"id":1,"name":"User1","email":"test@email.com","phoneNumber":"+420666555444","userDataValid":true}')
[23:16:16][TestSuiteKw][ERROR] Test suite 'Testování aktualizace uživatelů' - Test case 'Test aktualizace uživatele' failed
[23:16:16][MessageBuffer][INFO] Message buffer cleared
[23:16:16][TestSuiteKw][INFO] Test case 'Test aktualizace uživatele s neplatnými údaji 1' starts executing now
[23:16:16][RESTTester][INFO] (user-all) Sending a GET request on endpoint: http://localhost:8080/users
[23:16:17][MessageBuffer][INFO] Message added to buffer [ Mod: user-all | Tag: http://localhost:8080/users ] Content: '[{"id":1,"name":"User1","email":"test@email.com","phoneNumber":"+420666555444","userDataValid":true},{"id":2,"name":"TestUser1","email":"test1@email.com","phoneNumber":"+420777666555","userDataValid":true},{"id":3,"name":"TestUser2","email":"test2@email.com","phoneNumber":"+420777666555","userDataValid":true}]'
[23:16:17][NATTContext][INFO] Data has been stored in to the variable 'var-user'. Data value: {"id":1,"name":"User1","email":"test@email.com","phoneNumber":"+420666555444","userDataValid":true}
[23:16:17][NATTContext][INFO] Data has been stored in to the variable 'var-id'. Data value: 1
[23:16:17][RESTTester][INFO] (user-edit) Sending a PUT request on endpoint: http://localhost:8080/editUser?id=1
[23:16:17][RESTTester][WARNING] (user-edit) HTTP request returned an error status: 400
[23:16:17][MessageBuffer][INFO] Message added to buffer [ Mod: user-edit | Tag: http://localhost:8080/editUser ] Content: 'ERROR: 400'
[23:16:17][TestSuiteKw][INFO] Test suite 'Testování aktualizace uživatelů' - Test case 'Test aktualizace uživatele s neplatnými údaji 1' passed
[23:16:17][MessageBuffer][INFO] Message buffer cleared
[23:16:17][TestSuiteKw][INFO] Test case 'Test aktualizace uživatele s neplatnými údaji 2' starts executing now
[23:16:17][RESTTester][INFO] (user-all) Sending a GET request on endpoint: http://localhost:8080/users
[23:16:17][MessageBuffer][INFO] Message added to buffer [ Mod: user-all | Tag: http://localhost:8080/users ] Content: '[{"id":1,"name":"User1","email":"test@email.com","phoneNumber":"+420666555444","userDataValid":true},{"id":2,"name":"TestUser1","email":"test1@email.com","phoneNumber":"+420777666555","userDataValid":true},{"id":3,"name":"TestUser2","email":"test2@email.com","phoneNumber":"+420777666555","userDataValid":true}]'
[23:16:17][NATTContext][INFO] Data has been stored in to the variable 'var-user'. Data value: {"id":1,"name":"User1","email":"test@email.com","phoneNumber":"+420666555444","userDataValid":true}
[23:16:17][NATTContext][INFO] Data has been stored in to the variable 'var-id'. Data value: 1
[23:16:17][RESTTester][INFO] (user-edit) Sending a PUT request on endpoint: http://localhost:8080/editUser?id=1
[23:16:18][RESTTester][WARNING] (user-edit) HTTP request returned an error status: 400
[23:16:18][MessageBuffer][INFO] Message added to buffer [ Mod: user-edit | Tag: http://localhost:8080/editUser ] Content: 'ERROR: 400'
[23:16:18][TestSuiteKw][INFO] Test suite 'Testování aktualizace uživatelů' - Test case 'Test aktualizace uživatele s neplatnými údaji 2' passed
[23:16:18][MessageBuffer][INFO] Message buffer cleared
[23:16:18][MessageBuffer][INFO] Message buffer cleared
[23:16:18][RESTTester][INFO] (user-edit) REST tester [user-edit] terminated
[23:16:18][RESTTester][INFO] (user-get) REST tester [user-get] terminated
[23:16:18][RESTTester][INFO] (user-all) REST tester [user-all] terminated
[23:16:18][MessageBuffer][INFO] Message buffer created for module with name: user-delete
[23:16:18][MessageBuffer][INFO] Message buffer created for module with name: user-delete-all
[23:16:18][RESTTester][INFO] (user-create) Sending a POST request on endpoint: http://localhost:8080/createUser
[23:16:19][MessageBuffer][INFO] Message added to buffer [ Mod: default | Tag:  ] Content: '2024-11-26T23:16:19.008+01:00  WARN 22172 --- [RESTAPIServer] [nio-8080-exec-5] o.h.engine.jdbc.spi.SqlExceptionHelper   : SQL Error: 1062, SQLState: 23000'
[23:16:19][MessageBuffer][INFO] Message added to buffer [ Mod: default | Tag:  ] Content: '2024-11-26T23:16:19.008+01:00 ERROR 22172 --- [RESTAPIServer] [nio-8080-exec-5] o.h.engine.jdbc.spi.SqlExceptionHelper   : Duplicate entry 'test1@email.com' for key 'users.UK_6dotkott2kjsp8vw4d0m25fb7''
[23:16:19][RESTTester][WARNING] (user-create) HTTP request returned an error status: 500
[23:16:19][MessageBuffer][INFO] Message added to buffer [ Mod: user-create | Tag: http://localhost:8080/createUser ] Content: 'ERROR: 500'
[23:16:19][RESTTester][INFO] (user-create) Sending a POST request on endpoint: http://localhost:8080/createUser
[23:16:19][MessageBuffer][INFO] Message added to buffer [ Mod: default | Tag:  ] Content: '2024-11-26T23:16:19.222+01:00  WARN 22172 --- [RESTAPIServer] [nio-8080-exec-6] o.h.engine.jdbc.spi.SqlExceptionHelper   : SQL Error: 1062, SQLState: 23000'
[23:16:19][MessageBuffer][INFO] Message added to buffer [ Mod: default | Tag:  ] Content: '2024-11-26T23:16:19.222+01:00 ERROR 22172 --- [RESTAPIServer] [nio-8080-exec-6] o.h.engine.jdbc.spi.SqlExceptionHelper   : Duplicate entry 'test2@email.com' for key 'users.UK_6dotkott2kjsp8vw4d0m25fb7''
[23:16:19][RESTTester][WARNING] (user-create) HTTP request returned an error status: 500
[23:16:19][MessageBuffer][INFO] Message added to buffer [ Mod: user-create | Tag: http://localhost:8080/createUser ] Content: 'ERROR: 500'
[23:16:19][TestSuiteKw][INFO] Test case 'Test odstranění jednoho uživatele' starts executing now
[23:16:19][RESTTester][INFO] (user-all) Sending a GET request on endpoint: http://localhost:8080/users
[23:16:19][MessageBuffer][INFO] Message added to buffer [ Mod: user-all | Tag: http://localhost:8080/users ] Content: '[{"id":1,"name":"User1","email":"test@email.com","phoneNumber":"+420666555444","userDataValid":true},{"id":2,"name":"TestUser1","email":"test1@email.com","phoneNumber":"+420777666555","userDataValid":true},{"id":3,"name":"TestUser2","email":"test2@email.com","phoneNumber":"+420777666555","userDataValid":true}]'
[23:16:19][NATTContext][INFO] Data has been stored in to the variable 'var-user'. Data value: {"id":1,"name":"User1","email":"test@email.com","phoneNumber":"+420666555444","userDataValid":true}
[23:16:19][NATTContext][INFO] Data has been stored in to the variable 'var-id'. Data value: 1
[23:16:19][RESTTester][INFO] (user-delete) Sending a DELETE request on endpoint: http://localhost:8080/deleteUser?id=1
[23:16:19][RESTTester][WARNING] (user-delete) HTTP request returned an error status: 400
[23:16:19][MessageBuffer][INFO] Message added to buffer [ Mod: user-delete | Tag: http://localhost:8080/deleteUser ] Content: 'ERROR: 400'
[23:16:19][RESTTester][INFO] (user-get) Sending a GET request on endpoint: http://localhost:8080/getUser?id=1
[23:16:19][MessageBuffer][INFO] Message added to buffer [ Mod: user-get | Tag: http://localhost:8080/getUser ] Content: '{"id":1,"name":"User1","email":"test@email.com","phoneNumber":"+420666555444","userDataValid":true}'
[23:16:19][AssertEqualsKw][WARNING] Assertion failed. True was expected as the result. Condition: (Value of variable '{"id":1,"name":"User1","email":"test@email.com","phoneNumber":"+420666555444","userDataValid":true}' must contains expected text 'ERROR: 404')
[23:16:19][TestSuiteKw][ERROR] Test suite 'Testování požadavků pro odstranění' - Test case 'Test odstranění jednoho uživatele' failed
[23:16:19][MessageBuffer][INFO] Message buffer cleared
[23:16:20][TestSuiteKw][INFO] Test case 'Test odstranění všech uživatelů' starts executing now
[23:16:20][RESTTester][INFO] (user-delete-all) Sending a DELETE request on endpoint: http://localhost:8080/deleteAll
[23:16:20][MessageBuffer][INFO] Message added to buffer [ Mod: user-delete-all | Tag: http://localhost:8080/deleteAll ] Content: ''
[23:16:20][RESTTester][INFO] (user-all) Sending a GET request on endpoint: http://localhost:8080/users
[23:16:20][MessageBuffer][INFO] Message added to buffer [ Mod: user-all | Tag: http://localhost:8080/users ] Content: '[{"id":1,"name":"User1","email":"test@email.com","phoneNumber":"+420666555444","userDataValid":true},{"id":2,"name":"TestUser1","email":"test1@email.com","phoneNumber":"+420777666555","userDataValid":true},{"id":3,"name":"TestUser2","email":"test2@email.com","phoneNumber":"+420777666555","userDataValid":true}]'
[23:16:20][AssertEqualsKw][WARNING] Assertion failed. True was expected as the result. Condition: (Value of variable '[{"id":1,"name":"User1","email":"test@email.com","phoneNumber":"+420666555444","userDataValid":true},{"id":2,"name":"TestUser1","email":"test1@email.com","phoneNumber":"+420777666555","userDataValid":true},{"id":3,"name":"TestUser2","email":"test2@email.com","phoneNumber":"+420777666555","userDataValid":true}]' must contains expected text '[]')
[23:16:20][TestSuiteKw][ERROR] Test suite 'Testování požadavků pro odstranění' - Test case 'Test odstranění všech uživatelů' failed
[23:16:20][MessageBuffer][INFO] Message buffer cleared
[23:16:21][MessageBuffer][INFO] Message buffer cleared
[23:16:21][RESTTester][INFO] (user-delete) REST tester [user-delete] terminated
[23:16:21][RESTTester][INFO] (user-delete-all) REST tester [user-delete-all] terminated
[23:16:21][RESTTester][INFO] (user-all) REST tester [user-all] terminated
[23:16:21][RESTTester][INFO] (user-get) REST tester [user-get] terminated
[23:16:21][RESTTester][INFO] (user-create) REST tester [user-create] terminated
[23:16:21][MessageBuffer][INFO] Message buffer cleared
[23:16:21][ExternalProgramRunner][INFO] (default) Termiting external application
[23:16:21][ProcessManager][INFO] PID (22172) removed from file
[23:16:21][RESTTester][INFO] (module-1) REST tester [module-1] terminated
[23:16:21][NATTCore][INFO] Test executing finished
[23:16:21][NATTCore][INFO] Start generating test report
[23:16:21][ProcessManager][INFO] PID (22172) removed from file
[23:16:21][ExternalProgramRunner][WARNING] (default) External application ends with error: 1
[23:16:22][TestReportGenerator][INFO] Report saved to file
[23:16:22][NATTCore][WARNING] Failed test cases: "Test vytvoření uživatele", "Test aktualizace uživatele", "Test odstranění jednoho uživatele", "Test odstranění všech uživatelů"
[23:16:22][NATTCore][INFO] Final score: 5.000000
[23:16:22][NATTCore][ERROR] Testing done. Leaving status: FAILED
